{
    "../src/chinaTrade.ts": {
      "path": "../src/chinaTrade.ts",
      "statementMap": {
        "0": {
          "start": {
            "line": 36,
            "column": 0
          },
          "end": {
            "line": 36,
            "column": 13
          }
        },
        "1": {
          "start": {
            "line": 45,
            "column": 0
          },
          "end": {
            "line": 45,
            "column": 13
          }
        },
        "2": {
          "start": {
            "line": 51,
            "column": 16
          },
          "end": {
            "line": 51,
            "column": 17
          }
        },
        "3": {
          "start": {
            "line": 52,
            "column": 16
          },
          "end": {
            "line": 52,
            "column": 21
          }
        },
        "4": {
          "start": {
            "line": 49,
            "column": 0
          },
          "end": {
            "line": 49,
            "column": 13
          }
        },
        "5": {
          "start": {
            "line": 56,
            "column": 0
          },
          "end": {
            "line": 56,
            "column": 13
          }
        },
        "6": {
          "start": {
            "line": 64,
            "column": 8
          },
          "end": {
            "line": 64,
            "column": 61
          }
        },
        "7": {
          "start": {
            "line": 65,
            "column": 8
          },
          "end": {
            "line": 65,
            "column": 39
          }
        },
        "8": {
          "start": {
            "line": 61,
            "column": 0
          },
          "end": {
            "line": 61,
            "column": 13
          }
        },
        "9": {
          "start": {
            "line": 72,
            "column": 8
          },
          "end": {
            "line": 72,
            "column": 51
          }
        },
        "10": {
          "start": {
            "line": 70,
            "column": 0
          },
          "end": {
            "line": 70,
            "column": 13
          }
        },
        "11": {
          "start": {
            "line": 79,
            "column": 8
          },
          "end": {
            "line": 79,
            "column": 51
          }
        },
        "12": {
          "start": {
            "line": 77,
            "column": 0
          },
          "end": {
            "line": 77,
            "column": 13
          }
        },
        "13": {
          "start": {
            "line": 84,
            "column": 0
          },
          "end": {
            "line": 84,
            "column": 13
          }
        },
        "14": {
          "start": {
            "line": 90,
            "column": 0
          },
          "end": {
            "line": 90,
            "column": 13
          }
        },
        "15": {
          "start": {
            "line": 103,
            "column": 8
          },
          "end": {
            "line": 103,
            "column": 57
          }
        },
        "16": {
          "start": {
            "line": 104,
            "column": 19
          },
          "end": {
            "line": 104,
            "column": 62
          }
        },
        "17": {
          "start": {
            "line": 106,
            "column": 8
          },
          "end": {
            "line": 108,
            "column": null
          }
        },
        "18": {
          "start": {
            "line": 107,
            "column": 12
          },
          "end": {
            "line": 107,
            "column": 53
          }
        },
        "19": {
          "start": {
            "line": 110,
            "column": 8
          },
          "end": {
            "line": 110,
            "column": 31
          }
        },
        "20": {
          "start": {
            "line": 114,
            "column": 27
          },
          "end": {
            "line": 114,
            "column": 59
          }
        },
        "21": {
          "start": {
            "line": 116,
            "column": 8
          },
          "end": {
            "line": 120,
            "column": null
          }
        },
        "22": {
          "start": {
            "line": 117,
            "column": 12
          },
          "end": {
            "line": 117,
            "column": 23
          }
        },
        "23": {
          "start": {
            "line": 119,
            "column": 12
          },
          "end": {
            "line": 119,
            "column": 44
          }
        },
        "24": {
          "start": {
            "line": 122,
            "column": 8
          },
          "end": {
            "line": 127,
            "column": null
          }
        },
        "25": {
          "start": {
            "line": 123,
            "column": 12
          },
          "end": {
            "line": 126,
            "column": null
          }
        },
        "26": {
          "start": {
            "line": 124,
            "column": 16
          },
          "end": {
            "line": 124,
            "column": 41
          }
        },
        "27": {
          "start": {
            "line": 125,
            "column": 16
          },
          "end": {
            "line": 125,
            "column": 22
          }
        },
        "28": {
          "start": {
            "line": 128,
            "column": 8
          },
          "end": {
            "line": 130,
            "column": null
          }
        },
        "29": {
          "start": {
            "line": 129,
            "column": 12
          },
          "end": {
            "line": 129,
            "column": 78
          }
        },
        "30": {
          "start": {
            "line": 132,
            "column": 8
          },
          "end": {
            "line": 132,
            "column": 42
          }
        },
        "31": {
          "start": {
            "line": 136,
            "column": 26
          },
          "end": {
            "line": 136,
            "column": 56
          }
        },
        "32": {
          "start": {
            "line": 137,
            "column": 8
          },
          "end": {
            "line": 139,
            "column": null
          }
        },
        "33": {
          "start": {
            "line": 138,
            "column": 12
          },
          "end": {
            "line": 138,
            "column": 41
          }
        },
        "34": {
          "start": {
            "line": 140,
            "column": 21
          },
          "end": {
            "line": 140,
            "column": 60
          }
        },
        "35": {
          "start": {
            "line": 141,
            "column": 8
          },
          "end": {
            "line": 145,
            "column": null
          }
        },
        "36": {
          "start": {
            "line": 142,
            "column": 12
          },
          "end": {
            "line": 142,
            "column": 23
          }
        },
        "37": {
          "start": {
            "line": 144,
            "column": 12
          },
          "end": {
            "line": 144,
            "column": 49
          }
        },
        "38": {
          "start": {
            "line": 146,
            "column": 27
          },
          "end": {
            "line": 146,
            "column": 59
          }
        },
        "39": {
          "start": {
            "line": 148,
            "column": 8
          },
          "end": {
            "line": 152,
            "column": null
          }
        },
        "40": {
          "start": {
            "line": 149,
            "column": 12
          },
          "end": {
            "line": 149,
            "column": 23
          }
        },
        "41": {
          "start": {
            "line": 151,
            "column": 12
          },
          "end": {
            "line": 151,
            "column": 44
          }
        },
        "42": {
          "start": {
            "line": 153,
            "column": 8
          },
          "end": {
            "line": 157,
            "column": null
          }
        },
        "43": {
          "start": {
            "line": 154,
            "column": 12
          },
          "end": {
            "line": 154,
            "column": 51
          }
        },
        "44": {
          "start": {
            "line": 155,
            "column": 12
          },
          "end": {
            "line": 155,
            "column": 81
          }
        },
        "45": {
          "start": {
            "line": 156,
            "column": 12
          },
          "end": {
            "line": 156,
            "column": 90
          }
        },
        "46": {
          "start": {
            "line": 161,
            "column": 20
          },
          "end": {
            "line": 161,
            "column": 45
          }
        },
        "47": {
          "start": {
            "line": 162,
            "column": 8
          },
          "end": {
            "line": 164,
            "column": null
          }
        },
        "48": {
          "start": {
            "line": 163,
            "column": 12
          },
          "end": {
            "line": 163,
            "column": 91
          }
        },
        "49": {
          "start": {
            "line": 165,
            "column": 8
          },
          "end": {
            "line": 165,
            "column": 42
          }
        },
        "50": {
          "start": {
            "line": 166,
            "column": 8
          },
          "end": {
            "line": 168,
            "column": null
          }
        },
        "51": {
          "start": {
            "line": 167,
            "column": 12
          },
          "end": {
            "line": 167,
            "column": 91
          }
        },
        "52": {
          "start": {
            "line": 169,
            "column": 8
          },
          "end": {
            "line": 169,
            "column": 42
          }
        },
        "53": {
          "start": {
            "line": 170,
            "column": 8
          },
          "end": {
            "line": 172,
            "column": null
          }
        },
        "54": {
          "start": {
            "line": 171,
            "column": 12
          },
          "end": {
            "line": 171,
            "column": 76
          }
        },
        "55": {
          "start": {
            "line": 173,
            "column": 8
          },
          "end": {
            "line": 173,
            "column": 23
          }
        },
        "56": {
          "start": {
            "line": 181,
            "column": 22
          },
          "end": {
            "line": 181,
            "column": 44
          }
        },
        "57": {
          "start": {
            "line": 186,
            "column": 20
          },
          "end": {
            "line": 186,
            "column": 24
          }
        },
        "58": {
          "start": {
            "line": 187,
            "column": 8
          },
          "end": {
            "line": 187,
            "column": 61
          }
        },
        "59": {
          "start": {
            "line": 93,
            "column": 0
          },
          "end": {
            "line": 93,
            "column": 13
          }
        }
      },
      "fnMap": {
        "0": {
          "name": "(anonymous_7)",
          "decl": {
            "start": {
              "line": 38,
              "column": 17
            },
            "end": {
              "line": 38,
              "column": 30
            }
          },
          "loc": {
            "start": {
              "line": 38,
              "column": 56
            },
            "end": {
              "line": 39,
              "column": null
            }
          }
        },
        "1": {
          "name": "(anonymous_9)",
          "decl": {
            "start": {
              "line": 41,
              "column": 17
            },
            "end": {
              "line": 41,
              "column": 34
            }
          },
          "loc": {
            "start": {
              "line": 41,
              "column": 47
            },
            "end": {
              "line": 42,
              "column": null
            }
          }
        },
        "2": {
          "name": "(anonymous_11)",
          "decl": {
            "start": {
              "line": 50,
              "column": 17
            },
            "end": {
              "line": 50,
              "column": 28
            }
          },
          "loc": {
            "start": {
              "line": 50,
              "column": 41
            },
            "end": {
              "line": 53,
              "column": null
            }
          }
        },
        "3": {
          "name": "(anonymous_13)",
          "decl": {
            "start": {
              "line": 57,
              "column": 17
            },
            "end": {
              "line": 57,
              "column": 32
            }
          },
          "loc": {
            "start": {
              "line": 57,
              "column": 45
            },
            "end": {
              "line": 58,
              "column": null
            }
          }
        },
        "4": {
          "name": "(anonymous_15)",
          "decl": {
            "start": {
              "line": 63,
              "column": 17
            },
            "end": {
              "line": 63,
              "column": 30
            }
          },
          "loc": {
            "start": {
              "line": 63,
              "column": 43
            },
            "end": {
              "line": 66,
              "column": null
            }
          }
        },
        "5": {
          "name": "(anonymous_17)",
          "decl": {
            "start": {
              "line": 71,
              "column": 11
            },
            "end": {
              "line": 71,
              "column": 22
            }
          },
          "loc": {
            "start": {
              "line": 71,
              "column": 35
            },
            "end": {
              "line": 73,
              "column": 5
            }
          }
        },
        "6": {
          "name": "(anonymous_18)",
          "decl": {
            "start": {
              "line": 78,
              "column": 4
            },
            "end": {
              "line": 78,
              "column": 11
            }
          },
          "loc": {
            "start": {
              "line": 78,
              "column": 11
            },
            "end": {
              "line": 80,
              "column": 5
            }
          }
        },
        "7": {
          "name": "(anonymous_19)",
          "decl": {
            "start": {
              "line": 85,
              "column": 17
            },
            "end": {
              "line": 85,
              "column": 30
            }
          },
          "loc": {
            "start": {
              "line": 85,
              "column": 56
            },
            "end": {
              "line": 86,
              "column": null
            }
          }
        },
        "8": {
          "name": "(anonymous_21)",
          "decl": {
            "start": {
              "line": 95,
              "column": 17
            },
            "end": {
              "line": 95,
              "column": 27
            }
          },
          "loc": {
            "start": {
              "line": 95,
              "column": 40
            },
            "end": {
              "line": 96,
              "column": null
            }
          }
        },
        "9": {
          "name": "(anonymous_23)",
          "decl": {
            "start": {
              "line": 98,
              "column": 17
            },
            "end": {
              "line": 98,
              "column": 28
            }
          },
          "loc": {
            "start": {
              "line": 98,
              "column": 54
            },
            "end": {
              "line": 100,
              "column": null
            }
          }
        },
        "10": {
          "name": "(anonymous_25)",
          "decl": {
            "start": {
              "line": 102,
              "column": 17
            },
            "end": {
              "line": 102,
              "column": 38
            }
          },
          "loc": {
            "start": {
              "line": 102,
              "column": 87
            },
            "end": {
              "line": 111,
              "column": null
            }
          }
        },
        "11": {
          "name": "(anonymous_27)",
          "decl": {
            "start": {
              "line": 113,
              "column": 17
            },
            "end": {
              "line": 113,
              "column": 34
            }
          },
          "loc": {
            "start": {
              "line": 113,
              "column": 65
            },
            "end": {
              "line": 133,
              "column": null
            }
          }
        },
        "12": {
          "name": "(anonymous_29)",
          "decl": {
            "start": {
              "line": 135,
              "column": 17
            },
            "end": {
              "line": 135,
              "column": 29
            }
          },
          "loc": {
            "start": {
              "line": 135,
              "column": 78
            },
            "end": {
              "line": 158,
              "column": null
            }
          }
        },
        "13": {
          "name": "(anonymous_31)",
          "decl": {
            "start": {
              "line": 160,
              "column": 11
            },
            "end": {
              "line": 160,
              "column": 26
            }
          },
          "loc": {
            "start": {
              "line": 160,
              "column": 43
            },
            "end": {
              "line": 174,
              "column": 5
            }
          }
        },
        "14": {
          "name": "(anonymous_32)",
          "decl": {
            "start": {
              "line": 176,
              "column": 17
            },
            "end": {
              "line": 176,
              "column": 29
            }
          },
          "loc": {
            "start": {
              "line": 176,
              "column": 55
            },
            "end": {
              "line": 177,
              "column": null
            }
          }
        },
        "15": {
          "name": "(anonymous_34)",
          "decl": {
            "start": {
              "line": 180,
              "column": 17
            },
            "end": {
              "line": 180,
              "column": 41
            }
          },
          "loc": {
            "start": {
              "line": 180,
              "column": 80
            },
            "end": {
              "line": 183,
              "column": null
            }
          }
        },
        "16": {
          "name": "(anonymous_36)",
          "decl": {
            "start": {
              "line": 185,
              "column": 17
            },
            "end": {
              "line": 185,
              "column": 29
            }
          },
          "loc": {
            "start": {
              "line": 185,
              "column": 55
            },
            "end": {
              "line": 188,
              "column": null
            }
          }
        }
      },
      "branchMap": {
        "0": {
          "loc": {
            "start": {
              "line": 106,
              "column": 8
            },
            "end": {
              "line": 108,
              "column": null
            }
          },
          "type": "if",
          "locations": [
            {
              "start": {
                "line": 106,
                "column": 8
              },
              "end": {
                "line": 108,
                "column": null
              }
            },
            {
              "start": {
                "line": 106,
                "column": 8
              },
              "end": {
                "line": 108,
                "column": null
              }
            }
          ]
        },
        "1": {
          "loc": {
            "start": {
              "line": 116,
              "column": 8
            },
            "end": {
              "line": 120,
              "column": null
            }
          },
          "type": "if",
          "locations": [
            {
              "start": {
                "line": 116,
                "column": 8
              },
              "end": {
                "line": 120,
                "column": null
              }
            },
            {
              "start": {
                "line": 116,
                "column": 8
              },
              "end": {
                "line": 120,
                "column": null
              }
            }
          ]
        },
        "2": {
          "loc": {
            "start": {
              "line": 116,
              "column": 12
            },
            "end": {
              "line": 116,
              "column": 24
            }
          },
          "type": "binary-expr",
          "locations": [
            {
              "start": {
                "line": 116,
                "column": 12
              },
              "end": {
                "line": 116,
                "column": 24
              }
            },
            {
              "start": {
                "line": 116,
                "column": 28
              },
              "end": {
                "line": 116,
                "column": 57
              }
            }
          ]
        },
        "3": {
          "loc": {
            "start": {
              "line": 123,
              "column": 12
            },
            "end": {
              "line": 126,
              "column": null
            }
          },
          "type": "if",
          "locations": [
            {
              "start": {
                "line": 123,
                "column": 12
              },
              "end": {
                "line": 126,
                "column": null
              }
            },
            {
              "start": {
                "line": 123,
                "column": 12
              },
              "end": {
                "line": 126,
                "column": null
              }
            }
          ]
        },
        "4": {
          "loc": {
            "start": {
              "line": 128,
              "column": 8
            },
            "end": {
              "line": 130,
              "column": null
            }
          },
          "type": "if",
          "locations": [
            {
              "start": {
                "line": 128,
                "column": 8
              },
              "end": {
                "line": 130,
                "column": null
              }
            },
            {
              "start": {
                "line": 128,
                "column": 8
              },
              "end": {
                "line": 130,
                "column": null
              }
            }
          ]
        },
        "5": {
          "loc": {
            "start": {
              "line": 137,
              "column": 8
            },
            "end": {
              "line": 139,
              "column": null
            }
          },
          "type": "if",
          "locations": [
            {
              "start": {
                "line": 137,
                "column": 8
              },
              "end": {
                "line": 139,
                "column": null
              }
            },
            {
              "start": {
                "line": 137,
                "column": 8
              },
              "end": {
                "line": 139,
                "column": null
              }
            }
          ]
        },
        "6": {
          "loc": {
            "start": {
              "line": 141,
              "column": 8
            },
            "end": {
              "line": 145,
              "column": null
            }
          },
          "type": "if",
          "locations": [
            {
              "start": {
                "line": 141,
                "column": 8
              },
              "end": {
                "line": 145,
                "column": null
              }
            },
            {
              "start": {
                "line": 141,
                "column": 8
              },
              "end": {
                "line": 145,
                "column": null
              }
            }
          ]
        },
        "7": {
          "loc": {
            "start": {
              "line": 141,
              "column": 12
            },
            "end": {
              "line": 141,
              "column": 19
            }
          },
          "type": "binary-expr",
          "locations": [
            {
              "start": {
                "line": 141,
                "column": 12
              },
              "end": {
                "line": 141,
                "column": 19
              }
            },
            {
              "start": {
                "line": 141,
                "column": 23
              },
              "end": {
                "line": 141,
                "column": 47
              }
            }
          ]
        },
        "8": {
          "loc": {
            "start": {
              "line": 148,
              "column": 8
            },
            "end": {
              "line": 152,
              "column": null
            }
          },
          "type": "if",
          "locations": [
            {
              "start": {
                "line": 148,
                "column": 8
              },
              "end": {
                "line": 152,
                "column": null
              }
            },
            {
              "start": {
                "line": 148,
                "column": 8
              },
              "end": {
                "line": 152,
                "column": null
              }
            }
          ]
        },
        "9": {
          "loc": {
            "start": {
              "line": 148,
              "column": 12
            },
            "end": {
              "line": 148,
              "column": 24
            }
          },
          "type": "binary-expr",
          "locations": [
            {
              "start": {
                "line": 148,
                "column": 12
              },
              "end": {
                "line": 148,
                "column": 24
              }
            },
            {
              "start": {
                "line": 148,
                "column": 28
              },
              "end": {
                "line": 148,
                "column": 57
              }
            }
          ]
        },
        "10": {
          "loc": {
            "start": {
              "line": 153,
              "column": 8
            },
            "end": {
              "line": 157,
              "column": null
            }
          },
          "type": "if",
          "locations": [
            {
              "start": {
                "line": 153,
                "column": 8
              },
              "end": {
                "line": 157,
                "column": null
              }
            },
            {
              "start": {
                "line": 153,
                "column": 8
              },
              "end": {
                "line": 157,
                "column": null
              }
            }
          ]
        },
        "11": {
          "loc": {
            "start": {
              "line": 162,
              "column": 8
            },
            "end": {
              "line": 164,
              "column": null
            }
          },
          "type": "if",
          "locations": [
            {
              "start": {
                "line": 162,
                "column": 8
              },
              "end": {
                "line": 164,
                "column": null
              }
            },
            {
              "start": {
                "line": 162,
                "column": 8
              },
              "end": {
                "line": 164,
                "column": null
              }
            }
          ]
        },
        "12": {
          "loc": {
            "start": {
              "line": 166,
              "column": 8
            },
            "end": {
              "line": 168,
              "column": null
            }
          },
          "type": "if",
          "locations": [
            {
              "start": {
                "line": 166,
                "column": 8
              },
              "end": {
                "line": 168,
                "column": null
              }
            },
            {
              "start": {
                "line": 166,
                "column": 8
              },
              "end": {
                "line": 168,
                "column": null
              }
            }
          ]
        },
        "13": {
          "loc": {
            "start": {
              "line": 170,
              "column": 8
            },
            "end": {
              "line": 172,
              "column": null
            }
          },
          "type": "if",
          "locations": [
            {
              "start": {
                "line": 170,
                "column": 8
              },
              "end": {
                "line": 172,
                "column": null
              }
            },
            {
              "start": {
                "line": 170,
                "column": 8
              },
              "end": {
                "line": 172,
                "column": null
              }
            }
          ]
        }
      },
      "s": {
        "0": 1,
        "1": 1,
        "2": 1,
        "3": 1,
        "4": 1,
        "5": 1,
        "6": 1,
        "7": 1,
        "8": 1,
        "9": 1,
        "10": 0,
        "11": 0,
        "12": 0,
        "13": 0,
        "14": 0,
        "15": 0,
        "16": 0,
        "17": 0,
        "18": 0,
        "19": 1,
        "20": 1,
        "21": 1,
        "22": 1,
        "23": 1,
        "24": 1,
        "25": 1,
        "26": 1,
        "27": 1,
        "28": 1,
        "29": 0,
        "30": 0,
        "31": 0,
        "32": 0,
        "33": 0,
        "34": 0,
        "35": 0,
        "36": 0,
        "37": 0,
        "38": 0,
        "39": 0,
        "40": 0,
        "41": 0,
        "42": 0,
        "43": 0,
        "44": 0,
        "45": 0,
        "46": 1,
        "47": 1,
        "48": 0,
        "49": 1,
        "50": 1,
        "51": 0,
        "52": 1,
        "53": 1,
        "54": 0,
        "55": 1,
        "56": 0,
        "57": 0,
        "58": 0,
        "59": 1
      },
      "f": {
        "0": 0,
        "1": 0,
        "2": 0,
        "3": 0,
        "4": 0,
        "5": 0,
        "6": 0,
        "7": 0,
        "8": 0,
        "9": 0,
        "10": 0,
        "11": 0,
        "12": 0,
        "13": 1,
        "14": 0,
        "15": 0,
        "16": 0
      },
      "b": {
        "0": [
          0,
          0
        ],
        "1": [
          0,
          0
        ],
        "2": [
          0,
          0
        ],
        "3": [
          0,
          0
        ],
        "4": [
          0,
          0
        ],
        "5": [
          0,
          0
        ],
        "6": [
          0,
          0
        ],
        "7": [
          0,
          0
        ],
        "8": [
          0,
          0
        ],
        "9": [
          0,
          0
        ],
        "10": [
          0,
          0
        ],
        "11": [
          0,
          1
        ],
        "12": [
          0,
          1
        ],
        "13": [
          0,
          1
        ]
      }
    }
  }